/home/guilherme/Documentos/workspaces/workspace-git/DEPP/depp_src/search_strategy/RSM/depp_class_abstract_RSM.f90:1: warning: The following parameters of mod_class_abstract_rsm::dim_interface::dim_interface(class(class_abstract_rsm) this, integer, intent(in), optional n) are not documented:
  parameter 'n'
/home/guilherme/Documentos/workspaces/workspace-git/DEPP/depp_src/search_strategy/depp_class_abstract_search_strategy_factory.f90:1: warning: The following parameters of mod_class_abstract_search_strategy_factory::create_interface::create_interface(class(class_abstract_search_strategy_factory) this, class(class_system_variables), intent(in) sys_var, character(len=*), intent(in) conf_file_name, class(class_abstract_search_strategy), intent(out), pointer searcher) are not documented:
  parameter 'conf_file_name'
  parameter 'searcher'
/home/guilherme/Documentos/workspaces/workspace-git/DEPP/depp_src/search_strategy/DE/depp_class_DE_RAND_1.f90:40: warning: The following parameters of mod_class_de_rand_1::init(class(class_de_rand_1) this, class(class_system_variables), intent(in) sys_var, character(len=*), intent(in) conf_file_name) are not documented:
  parameter 'conf_file_name'
/home/guilherme/Documentos/workspaces/workspace-git/DEPP/depp_src/search_strategy/RSM/depp_class_DE_RSM.f90:59: warning: The following parameters of mod_class_de_rsm::init(class(class_de_rsm) this, class(class_system_variables), intent(in) sys_var, character(len=*), intent(in) conf_file_name, class(class_abstract_search_strategy_factory), intent(in) search_strategy_factory) are not documented:
  parameter 'conf_file_name'
  parameter 'search_strategy_factory'
/home/guilherme/Documentos/workspaces/workspace-git/DEPP/depp_src/search_strategy/depp_class_parallel_processed_trial_population.f90:60: warning: The following parameters of mod_class_parallel_processed_trial_population::init(class(class_parallel_processed_trial_population) this, class(class_system_variables), intent(in), target sys_var, class(class_ehist), intent(in), target ehist) are not documented:
  parameter 'ehist'
/home/guilherme/Documentos/workspaces/workspace-git/DEPP/depp_src/search_strategy/RSM/depp_class_RSM_factory.f90:31: warning: The following parameters of mod_class_rsm_factory::create(class(class_rsm_factory) this, class(class_system_variables), intent(in) sys_var, character(len=*), intent(in) option, class(class_abstract_rsm), intent(out), pointer obj) are not documented:
  parameter 'option'
  parameter 'obj'
/home/guilherme/Documentos/workspaces/workspace-git/DEPP/depp_src/search_strategy/RSM/depp_class_RSM_Incomplete_Quadratic_Model.f90:38: warning: The following parameters of mod_class_rsm_incomplete_quadratic_model::dim(class(class_rsm_incomplete_quadratic_model) this, integer, intent(in), optional n) are not documented:
  parameter 'n'
/home/guilherme/Documentos/workspaces/workspace-git/DEPP/depp_src/search_strategy/RSM/depp_class_RSM_Quadratic_Model.f90:38: warning: The following parameters of mod_class_rsm_quadratic_model::dim(class(class_rsm_quadratic_model) this, integer, intent(in), optional n) are not documented:
  parameter 'n'
/home/guilherme/Documentos/workspaces/workspace-git/DEPP/depp_src/search_strategy/depp_class_search_strategy_factory.f90:31: warning: The following parameters of mod_class_search_strategy_factory::create(class(class_search_strategy_factory) this, class(class_system_variables), intent(in) sys_var, character(len=*), intent(in) conf_file_name, class(class_abstract_search_strategy), intent(out), pointer searcher) are not documented:
  parameter 'conf_file_name'
  parameter 'searcher'
/home/guilherme/Documentos/workspaces/workspace-git/DEPP/depp_src/search_strategy/RSM/depp_RSM_tools.f90:9: warning: The following parameters of mod_rsm_tools::get_kind_of_optimum(integer, intent(in) m, integer, intent(in) n, real(8), dimension(m, n), intent(in) dm, real(8), dimension(n), intent(in) x,f, integer, intent(out) ko) are not documented:
  parameter 'f'
/home/guilherme/Documentos/workspaces/workspace-git/DEPP/depp_src/stop_condition/depp_stop_condition_factory.f90:19: warning: The following parameters of mod_stop_condition_factory::create_stop_condition_object(class(class_system_variables), intent(in) sys_var, character(len=*), intent(in) model, class(class_abstract_stop_condition), intent(out), pointer stopper) are not documented:
  parameter 'model'
  parameter 'stopper'
